1626398463093	geckodriver	INFO	Listening on 127.0.0.1:64512
1626398466595	mozrunner::runner	INFO	Running command: "C:\\Program Files\\Mozilla Firefox\\firefox.exe" "--marionette" "-headless" "-foreground" "-no-remote" "-profile" "C:\\Users\\Sharl\\AppData\\Local\\Temp\\rust_mozprofilekE1krO"
*** You are running in headless mode.
1626398467259	Marionette	INFO	Marionette enabled
console.warn: SearchSettings: "get: No settings file exists, new profile?" (new NotFoundError("Could not open the file at C:\\Users\\Sharl\\AppData\\Local\\Temp\\rust_mozprofilekE1krO\\search.json.mozlz4", (void 0)))
1626398468635	Marionette	INFO	Listening on port 64526
1626398468747	Marionette	WARN	TLS certificate errors will be ignored for this session
A content process crashed and MOZ_CRASHREPORTER_SHUTDOWN is set, shutting down
[Parent 9076, IPC I/O Parent] WARNING: file /builds/worker/checkouts/gecko/ipc/chromium/src/base/process_util_win.cc:167
1626398483009	Marionette	INFO	Stopped listening on port 64526
1626398519228	geckodriver	INFO	Listening on 127.0.0.1:53412
1626398522632	mozrunner::runner	INFO	Running command: "C:\\Program Files\\Mozilla Firefox\\firefox.exe" "--marionette" "-headless" "-foreground" "-no-remote" "-profile" "C:\\Users\\Sharl\\AppData\\Local\\Temp\\rust_mozprofileSKhUbN"
*** You are running in headless mode.
1626398522957	Marionette	INFO	Marionette enabled
console.warn: SearchSettings: "get: No settings file exists, new profile?" (new NotFoundError("Could not open the file at C:\\Users\\Sharl\\AppData\\Local\\Temp\\rust_mozprofileSKhUbN\\search.json.mozlz4", (void 0)))
1626398523931	Marionette	INFO	Listening on port 53455
1626398524166	Marionette	WARN	TLS certificate errors will be ignored for this session
JavaScript warning: https://static.pornhat.com/static/js/main.min.js, line 2: Using //@ to indicate sourceMappingURL pragmas is deprecated. Use //# instead
console.log: WebExtensions: reset-default-search: starting.
console.log: WebExtensions: reset-default-search: No addons in our list are installed.
[GFX1-]: Receive IPC close with reason=AbnormalShutdown
Exiting due to channel error.
Exiting due to channel error.
\\rust_mozprofile0GTw1R"
*** You are running in headless mode.
1626398724625	Marionette	INFO	Marionette enabled
console.warn: SearchSettings: "get: No settings file exists, new profile?" (new NotFoundError("Could not open the file at C:\\Users\\Sharl\\AppData\\Local\\Temp\\rust_mozprofile0GTw1R\\search.json.mozlz4", (void 0)))
1626398725524	Marionette	INFO	Listening on port 58822
1626398725868	Marionette	WARN	TLS certificate errors will be ignored for this session
JavaScript warning: https://static.pornhat.com/static/js/main.min.js, line 2: Using //@ to indicate sourceMappingURL pragmas is deprecated. Use //# instead
JavaScript warning: https://static.pornhat.com/static/js/main.min.js, line 2: Using //@ to indicate sourceMappingURL pragmas is deprecated. Use //# instead
console.log: WebExtensions: reset-default-search: starting.
console.log: WebExtensions: reset-default-search: No addons in our list are installed.
Exiting due to channel error.
Exiting due to channel error.
Exiting due to channel error.
harl\\AppData\\Local\\Temp\\rust_mozprofileXYWJ4g"
*** You are running in headless mode.
1626398951517	Marionette	INFO	Marionette enabled
console.warn: SearchSettings: "get: No settings file exists, new profile?" (new NotFoundError("Could not open the file at C:\\Users\\Sharl\\AppData\\Local\\Temp\\rust_mozprofileXYWJ4g\\search.json.mozlz4", (void 0)))
1626398952735	Marionette	INFO	Listening on port 61991
1626398953220	Marionette	WARN	TLS certificate errors will be ignored for this session
JavaScript warning: https://static.pornhat.com/static/js/main.min.js, line 2: Using //@ to indicate sourceMappingURL pragmas is deprecated. Use //# instead
console.log: WebExtensions: reset-default-search: starting.
console.log: WebExtensions: reset-default-search: No addons in our list are installed.
Exiting due to channel error.
-headless" "-foreground" "-no-remote" "-profile" "C:\\Users\\Sharl\\AppData\\Local\\Temp\\rust_mozprofiletFyEQ8"
*** You are running in headless mode.
1626399144748	Marionette	INFO	Marionette enabled
console.warn: SearchSettings: "get: No settings file exists, new profile?" (new NotFoundError("Could not open the file at C:\\Users\\Sharl\\AppData\\Local\\Temp\\rust_mozprofiletFyEQ8\\search.json.mozlz4", (void 0)))
1626399145826	Marionette	INFO	Listening on port 62453
1626399145860	Marionette	WARN	TLS certificate errors will be ignored for this session
JavaScript warning: https://static.pornhat.com/static/js/main.min.js, line 2: Using //@ to indicate sourceMappingURL pragmas is deprecated. Use //# instead
JavaScript warning: https://static.pornhat.com/static/js/main.min.js, line 2: Using //@ to indicate sourceMappingURL pragmas is deprecated. Use //# instead
console.log: WebExtensions: reset-default-search: starting.
console.log: WebExtensions: reset-default-search: No addons in our list are installed.
Exiting due to channel error.
Exiting due to channel error.
1626845858973	geckodriver	INFO	Listening on 127.0.0.1:51104
1626845862452	mozrunner::runner	INFO	Running command: "C:\\Program Files\\Mozilla Firefox\\firefox.exe" "--marionette" "-headless" "-foreground" "-no-remote" "-profile" "C:\\Users\\Sharl\\AppData\\Local\\Temp\\rust_mozprofilegwczR5"
*** You are running in headless mode.
1626845863093	Marionette	INFO	Marionette enabled
console.warn: SearchSettings: "get: No settings file exists, new profile?" (new NotFoundError("Could not open the file at C:\\Users\\Sharl\\AppData\\Local\\Temp\\rust_mozprofilegwczR5\\search.json.mozlz4", (void 0)))
1626845864374	Marionette	INFO	Listening on port 51118
1626845864523	Marionette	WARN	TLS certificate errors will be ignored for this session
JavaScript warning: https://static.pornhat.com/static/js/main.min.js, line 2: Using //@ to indicate sourceMappingURL pragmas is deprecated. Use //# instead
console.log: WebExtensions: reset-default-search: starting.
console.log: WebExtensions: reset-default-search: No addons in our list are installed.
\\firefox.exe" "--marionette" "-headless" "-foreground" "-no-remote" "-profile" "C:\\Users\\Sharl\\AppData\\Local\\Temp\\rust_mozprofileXgRSZE"
*** You are running in headless mode.
1626845906314	Marionette	INFO	Marionette enabled
console.warn: SearchSettings: "get: No settings file exists, new profile?" (new NotFoundError("Could not open the file at C:\\Users\\Sharl\\AppData\\Local\\Temp\\rust_mozprofileXgRSZE\\search.json.mozlz4", (void 0)))
1626845907250	Marionette	INFO	Listening on port 51238
1626845907561	Marionette	WARN	TLS certificate errors will be ignored for this session
JavaScript warning: https://static.pornhat.com/static/js/main.min.js, line 2: Using //@ to indicate sourceMappingURL pragmas is deprecated. Use //# instead
JavaScript warning: https://static.pornhat.com/static/js/main.min.js, line 2: Using //@ to indicate sourceMappingURL pragmas is deprecated. Use //# instead
JavaScript warning: https://static.pornhat.com/static/js/main.min.js, line 2: Using //@ to indicate sourceMappingURL pragmas is deprecated. Use //# instead
JavaScript warning: https://static.pornhat.com/static/js/main.min.js, line 2: Using //@ to indicate sourceMappingURL pragmas is deprecated. Use //# instead
console.log: WebExtensions: reset-default-search: starting.
console.log: WebExtensions: reset-default-search: No addons in our list are installed.
JavaScript error: chrome://marionette/content/driver.js, line 292: TypeError: this.currentSession is null

###!!! [Parent][MessageChannel] Error: (msgtype=0x390144,name=PContent::Msg_AsyncMessage) Channel error: cannot send/recv

A content process crashed and MOZ_CRASHREPORTER_SHUTDOWN is set, shutting down
JavaScript error: chrome://marionette/content/driver.js, line 292: TypeError: this.currentSession is null
JavaScript error: chrome://marionette/content/driver.js, line 292: TypeError: this.currentSession is null
JavaScript error: chrome://marionette/content/driver.js, line 292: TypeError: this.currentSession is null
JavaScript error: chrome://marionette/content/driver.js, line 292: TypeError: this.currentSession is null
JavaScript error: chrome://marionette/content/driver.js, line 292: TypeError: this.currentSession is null
JavaScript error: chrome://marionette/content/driver.js, line 292: TypeError: this.currentSession is null
[Parent 8140, IPC I/O Parent] WARNING: file /builds/worker/checkouts/gecko/ipc/chromium/src/base/process_util_win.cc:167
1626849831615	Marionette	INFO	Stopped listening on port 51238
1626849848815	geckodriver	INFO	Listening on 127.0.0.1:59157
1626849852548	mozrunner::runner	INFO	Running command: "C:\\Program Files\\Mozilla Firefox\\firefox.exe" "--marionette" "-headless" "-foreground" "-no-remote" "-profile" "C:\\Users\\Sharl\\AppData\\Local\\Temp\\rust_mozprofilexsYH8c"
*** You are running in headless mode.
1626849852924	Marionette	INFO	Marionette enabled
console.warn: SearchSettings: "get: No settings file exists, new profile?" (new NotFoundError("Could not open the file at C:\\Users\\Sharl\\AppData\\Local\\Temp\\rust_mozprofilexsYH8c\\search.json.mozlz4", (void 0)))
1626849854106	Marionette	INFO	Listening on port 59197
1626849854595	Marionette	WARN	TLS certificate errors will be ignored for this session
JavaScript warning: https://static.pornhat.com/static/js/main.min.js, line 2: Using //@ to indicate sourceMappingURL pragmas is deprecated. Use //# instead
JavaScript warning: https://static.pornhat.com/static/js/main.min.js, line 2: Using //@ to indicate sourceMappingURL pragmas is deprecated. Use //# instead
JavaScript warning: https://static.pornhat.com/static/js/main.min.js, line 2: Using //@ to indicate sourceMappingURL pragmas is deprecated. Use //# instead
JavaScript warning: https://static.pornhat.com/static/js/main.min.js, line 2: Using //@ to indicate sourceMappingURL pragmas is deprecated. Use //# instead
console.log: WebExtensions: reset-default-search: starting.
console.log: WebExtensions: reset-default-search: No addons in our list are installed.
A content process crashed and MOZ_CRASHREPORTER_SHUTDOWN is set, shutting down
[Parent 22296, IPC I/O Parent] WARNING: file /builds/worker/checkouts/gecko/ipc/chromium/src/base/process_util_win.cc:167
1626852064211	Marionette	INFO	Stopped listening on port 59197
mp\\rust_mozprofileAfBIAZ"
*** You are running in headless mode.
1626851862133	Marionette	INFO	Marionette enabled
console.warn: SearchSettings: "get: No settings file exists, new profile?" (new NotFoundError("Could not open the file at C:\\Users\\Sharl\\AppData\\Local\\Temp\\rust_mozprofileAfBIAZ\\search.json.mozlz4", (void 0)))
1626851863101	Marionette	INFO	Listening on port 52684
1626851863322	Marionette	WARN	TLS certificate errors will be ignored for this session
JavaScript warning: https://static.pornhat.com/static/js/main.min.js, line 2: Using //@ to indicate sourceMappingURL pragmas is deprecated. Use //# instead
1626851903975	geckodriver	INFO	Listening on 127.0.0.1:64152
1626851907086	mozrunner::runner	INFO	Running command: "C:\\Program Files\\Mozilla Firefox\\firefox.exe" "--marionette" "-headless" "-foreground" "-no-remote" "-profile" "C:\\Users\\Sharl\\AppData\\Local\\Temp\\rust_mozprofileX2t7o5"
*** You are running in headless mode.
1626851907399	Marionette	INFO	Marionette enabled
console.warn: SearchSettings: "get: No settings file exists, new profile?" (new NotFoundError("Could not open the file at C:\\Users\\Sharl\\AppData\\Local\\Temp\\rust_mozprofileX2t7o5\\search.json.mozlz4", (void 0)))
1626851908375	Marionette	INFO	Listening on port 64164
1626851908634	Marionette	WARN	TLS certificate errors will be ignored for this session
JavaScript warning: https://static.pornhat.com/static/js/main.min.js, line 2: Using //@ to indicate sourceMappingURL pragmas is deprecated. Use //# instead
JavaScript warning: https://static.pornhat.com/static/js/main.min.js, line 2: Using //@ to indicate sourceMappingURL pragmas is deprecated. Use //# instead
Exiting due to channel error.
Listening on 127.0.0.1:64315
1626851984697	mozrunner::runner	INFO	Running command: "C:\\Program Files\\Mozilla Firefox\\firefox.exe" "--marionette" "-headless" "-foreground" "-no-remote" "-profile" "C:\\Users\\Sharl\\AppData\\Local\\Temp\\rust_mozprofileuQK97E"
*** You are running in headless mode.
1626851985120	Marionette	INFO	Marionette enabled
console.warn: SearchSettings: "get: No settings file exists, new profile?" (new NotFoundError("Could not open the file at C:\\Users\\Sharl\\AppData\\Local\\Temp\\rust_mozprofileuQK97E\\search.json.mozlz4", (void 0)))
1626851986118	Marionette	INFO	Listening on port 64331
1626851986240	Marionette	WARN	TLS certificate errors will be ignored for this session
JavaScript warning: https://static.pornhat.com/static/js/main.min.js, line 2: Using //@ to indicate sourceMappingURL pragmas is deprecated. Use //# instead
A content process crashed and MOZ_CRASHREPORTER_SHUTDOWN is set, shutting down
[Parent 14516, IPC I/O Parent] WARNING: file /builds/worker/checkouts/gecko/ipc/chromium/src/base/process_util_win.cc:167
1626852056456	Marionette	INFO	Stopped listening on port 64331
mp\\rust_mozprofileIHSiKJ"
*** You are running in headless mode.
1626852037971	Marionette	INFO	Marionette enabled
Hit MOZ_CRASH([unhandlable oom] js::wasm::Init) at /builds/worker/checkouts/gecko/js/src/vm/JSContext.cpp:1191
#01: ???[C:\Program Files\Mozilla Firefox\xul.dll +0x3c08a46]
#02: ???[C:\Program Files\Mozilla Firefox\xul.dll +0x23293]
#03: ???[C:\Program Files\Mozilla Firefox\xul.dll +0x22c61]
#04: ???[C:\Program Files\Mozilla Firefox\xul.dll +0x1ce9b]
#05: ???[C:\Program Files\Mozilla Firefox\xul.dll +0x3a76a02]
#06: ???[C:\Program Files\Mozilla Firefox\xul.dll +0x122da7f]
#07: ???[C:\Program Files\Mozilla Firefox\xul.dll +0x29e9096]
#08: ???[C:\Program Files\Mozilla Firefox\xul.dll +0x3a77007]
#09: Ordinal0[C:\Program Files\Mozilla Firefox\firefox.exe +0x1352]
#10: TargetNtUnmapViewOfSection[C:\Program Files\Mozilla Firefox\firefox.exe +0x4c518]
#11: BaseThreadInitThunk[C:\WINDOWS\System32\KERNEL32.DLL +0x17034]
#12: ???[C:\WINDOWS\SYSTEM32\ntdll.dll +0x52651]
Exiting due to channel error.
1626852044975	geckodriver	INFO	Listening on 127.0.0.1:64469
1626852048171	mozrunner::runner	INFO	Running command: "C:\\Program Files\\Mozilla Firefox\\firefox.exe" "--marionette" "-headless" "-foreground" "-no-remote" "-profile" "C:\\Users\\Sharl\\AppData\\Local\\Temp\\rust_mozprofileirnXye"
*** You are running in headless mode.
1626852048457	Marionette	INFO	Marionette enabled
console.warn: SearchSettings: "get: No settings file exists, new profile?" (new NotFoundError("Could not open the file at C:\\Users\\Sharl\\AppData\\Local\\Temp\\rust_mozprofileirnXye\\search.json.mozlz4", (void 0)))
1626852049437	Marionette	INFO	Listening on port 64486
1626852049714	Marionette	WARN	TLS certificate errors will be ignored for this session
A content process crashed and MOZ_CRASHREPORTER_SHUTDOWN is set, shutting down
[Parent 26048, IPC I/O Parent] WARNING: file /builds/worker/checkouts/gecko/ipc/chromium/src/base/process_util_win.cc:167
1626852060132	Marionette	INFO	Stopped listening on port 64486
1626852071048	geckodriver	INFO	Listening on 127.0.0.1:64551
1626852074085	mozrunner::runner	INFO	Running command: "C:\\Program Files\\Mozilla Firefox\\firefox.exe" "--marionette" "-headless" "-foreground" "-no-remote" "-profile" "C:\\Users\\Sharl\\AppData\\Local\\Temp\\rust_mozprofileiD6LDv"
*** You are running in headless mode.
1626852074365	Marionette	INFO	Marionette enabled
console.warn: SearchSettings: "get: No settings file exists, new profile?" (new NotFoundError("Could not open the file at C:\\Users\\Sharl\\AppData\\Local\\Temp\\rust_mozprofileiD6LDv\\search.json.mozlz4", (void 0)))
1626852075306	Marionette	INFO	Listening on port 64562
1626852075642	Marionette	WARN	TLS certificate errors will be ignored for this session

###!!! [Parent][MessageChannel] Error: (msgtype=0x390144,name=PContent::Msg_AsyncMessage) Channel error: cannot send/recv

A content process crashed and MOZ_CRASHREPORTER_SHUTDOWN is set, shutting down
[Parent 10624, IPC I/O Parent] WARNING: file /builds/worker/checkouts/gecko/ipc/chromium/src/base/process_util_win.cc:167
1626852159928	Marionette	INFO	Stopped listening on port 64562
n: SearchSettings: "get: No settings file exists, new profile?" (new NotFoundError("Could not open the file at C:\\Users\\Sharl\\AppData\\Local\\Temp\\rust_mozprofileIasQPB\\search.json.mozlz4", (void 0)))
1626852136172	Marionette	INFO	Listening on port 64634
1626852136491	Marionette	WARN	TLS certificate errors will be ignored for this session

###!!! [Parent][MessageChannel] Error: (msgtype=0x390144,name=PContent::Msg_AsyncMessage) Channel error: cannot send/recv

A content process crashed and MOZ_CRASHREPORTER_SHUTDOWN is set, shutting down
[Parent 28452, IPC I/O Parent] WARNING: file /builds/worker/checkouts/gecko/ipc/chromium/src/base/process_util_win.cc:167
1626852162517	Marionette	INFO	Stopped listening on port 64634
1626852171358	geckodriver	INFO	Listening on 127.0.0.1:55795
1626852174439	mozrunner::runner	INFO	Running command: "C:\\Program Files\\Mozilla Firefox\\firefox.exe" "--marionette" "-headless" "-foreground" "-no-remote" "-profile" "C:\\Users\\Sharl\\AppData\\Local\\Temp\\rust_mozprofilelcN2I4"
*** You are running in headless mode.
1626852174729	Marionette	INFO	Marionette enabled
console.warn: SearchSettings: "get: No settings file exists, new profile?" (new NotFoundError("Could not open the file at C:\\Users\\Sharl\\AppData\\Local\\Temp\\rust_mozprofilelcN2I4\\search.json.mozlz4", (void 0)))
1626852175619	Marionette	INFO	Listening on port 55806
1626852175996	Marionette	WARN	TLS certificate errors will be ignored for this session
JavaScript warning: https://static.pornhat.com/static/js/main.min.js, line 2: Using //@ to indicate sourceMappingURL pragmas is deprecated. Use //# instead
A content process crashed and MOZ_CRASHREPORTER_SHUTDOWN is set, shutting down
[Parent 30216, IPC I/O Parent] WARNING: file /builds/worker/checkouts/gecko/ipc/chromium/src/base/process_util_win.cc:167
JavaScript error: resource://gre/modules/Sqlite.jsm, line 1030: Error: Sqlite.jsm has been shutdown. Cannot open connection to: C:\Users\Sharl\AppData\Local\Temp\rust_mozprofilelcN2I4\protections.sqlite
1626852444532	Marionette	INFO	Stopped listening on port 55806

###!!! [Parent][RunMessage] Error: Channel closing: too late to send/recv, messages will be lost

h.json.mozlz4", (void 0)))
1626852294614	Marionette	INFO	Listening on port 55947
1626852294777	Marionette	WARN	TLS certificate errors will be ignored for this session
A content process crashed and MOZ_CRASHREPORTER_SHUTDOWN is set, shutting down
[Parent 29672, IPC I/O Parent] WARNING: file /builds/worker/checkouts/gecko/ipc/chromium/src/base/process_util_win.cc:167
1626852443701	Marionette	INFO	Stopped listening on port 55947
mp\\rust_mozprofileuaTGPY"
*** You are running in headless mode.
1626852303683	Marionette	INFO	Marionette enabled
console.warn: SearchSettings: "get: No settings file exists, new profile?" (new NotFoundError("Could not open the file at C:\\Users\\Sharl\\AppData\\Local\\Temp\\rust_mozprofileuaTGPY\\search.json.mozlz4", (void 0)))
1626852304639	Marionette	INFO	Listening on port 56010
1626852304920	Marionette	WARN	TLS certificate errors will be ignored for this session
JavaScript warning: https://static.pornhat.com/static/js/main.min.js, line 2: Using //@ to indicate sourceMappingURL pragmas is deprecated. Use //# instead
JavaScript warning: https://static.pornhat.com/static/js/main.min.js, line 2: Using //@ to indicate sourceMappingURL pragmas is deprecated. Use //# instead
JavaScript warning: https://static.pornhat.com/static/js/main.min.js, line 2: Using //@ to indicate sourceMappingURL pragmas is deprecated. Use //# instead
JavaScript warning: https://static.pornhat.com/static/js/main.min.js, line 2: Using //@ to indicate sourceMappingURL pragmas is deprecated. Use //# instead
JavaScript error: chrome://marionette/content/driver.js, line 292: TypeError: this.currentSession is null
JavaScript error: chrome://marionette/content/driver.js, line 292: TypeError: this.currentSession is null
A content process crashed and MOZ_CRASHREPORTER_SHUTDOWN is set, shutting down
JavaScript error: chrome://marionette/content/driver.js, line 292: TypeError: this.currentSession is null
JavaScript error: chrome://marionette/content/driver.js, line 292: TypeError: this.currentSession is null
JavaScript error: chrome://marionette/content/driver.js, line 292: TypeError: this.currentSession is null
JavaScript error: chrome://marionette/content/driver.js, line 292: TypeError: this.currentSession is null
JavaScript error: chrome://marionette/content/driver.js, line 292: TypeError: this.currentSession is null
[Parent 26564, IPC I/O Parent] WARNING: file /builds/worker/checkouts/gecko/ipc/chromium/src/base/process_util_win.cc:167
1626852448335	Marionette	INFO	Stopped listening on port 56010
1626852456516	geckodriver	INFO	Listening on 127.0.0.1:52629
1626852459892	mozrunner::runner	INFO	Running command: "C:\\Program Files\\Mozilla Firefox\\firefox.exe" "--marionette" "-headless" "-foreground" "-no-remote" "-profile" "C:\\Users\\Sharl\\AppData\\Local\\Temp\\rust_mozprofilexXyJlj"
*** You are running in headless mode.
1626852460261	Marionette	INFO	Marionette enabled
console.warn: SearchSettings: "get: No settings file exists, new profile?" (new NotFoundError("Could not open the file at C:\\Users\\Sharl\\AppData\\Local\\Temp\\rust_mozprofilexXyJlj\\search.json.mozlz4", (void 0)))
1626852461409	Marionette	INFO	Listening on port 52643
1626852461434	Marionette	WARN	TLS certificate errors will be ignored for this session
JavaScript warning: https://static.pornhat.com/static/js/main.min.js, line 2: Using //@ to indicate sourceMappingURL pragmas is deprecated. Use //# instead
JavaScript warning: https://static.pornhat.com/static/js/main.min.js, line 2: Using //@ to indicate sourceMappingURL pragmas is deprecated. Use //# instead
JavaScript warning: https://static.pornhat.com/static/js/main.min.js, line 2: Using //@ to indicate sourceMappingURL pragmas is deprecated. Use //# instead
JavaScript warning: https://static.pornhat.com/static/js/main.min.js, line 2: Using //@ to indicate sourceMappingURL pragmas is deprecated. Use //# instead
console.log: WebExtensions: reset-default-search: starting.
console.log: WebExtensions: reset-default-search: No addons in our list are installed.

###!!! [Parent][MessageChannel] Error: (msgtype=0x390144,name=PContent::Msg_AsyncMessage) Channel error: cannot send/recv

A content process crashed and MOZ_CRASHREPORTER_SHUTDOWN is set, shutting down
[Parent 30000, IPC I/O Parent] WARNING: file /builds/worker/checkouts/gecko/ipc/chromium/src/base/process_util_win.cc:167
1626854950565	Marionette	INFO	Stopped listening on port 52643
1626910299756	geckodriver	INFO	Listening on 127.0.0.1:54229
1626910303242	mozrunner::runner	INFO	Running command: "C:\\Program Files\\Mozilla Firefox\\firefox.exe" "--marionette" "-headless" "-foreground" "-no-remote" "-profile" "C:\\Users\\Sharl\\AppData\\Local\\Temp\\rust_mozprofileNeRiuM"
*** You are running in headless mode.
1626910303916	Marionette	INFO	Marionette enabled
console.warn: SearchSettings: "get: No settings file exists, new profile?" (new NotFoundError("Could not open the file at C:\\Users\\Sharl\\AppData\\Local\\Temp\\rust_mozprofileNeRiuM\\search.json.mozlz4", (void 0)))
1626910305148	Marionette	INFO	Listening on port 54250
console.log: WebExtensions: reset-default-search: starting.
console.log: WebExtensions: reset-default-search: No addons in our list are installed.
er	INFO	Running command: "C:\\Program Files\\Mozilla Firefox\\firefox.exe" "--marionette" "-headless" "-foreground" "-no-remote" "-profile" "C:\\Users\\Sharl\\AppData\\Local\\Temp\\rust_mozprofileR4ZR21"
*** You are running in headless mode.
1626910318200	Marionette	INFO	Marionette enabled
console.warn: SearchSettings: "get: No settings file exists, new profile?" (new NotFoundError("Could not open the file at C:\\Users\\Sharl\\AppData\\Local\\Temp\\rust_mozprofileR4ZR21\\search.json.mozlz4", (void 0)))
1626910319077	Marionette	INFO	Listening on port 53429
1626910319457	Marionette	WARN	TLS certificate errors will be ignored for this session
JavaScript warning: https://static.pornhat.com/static/js/main.min.js, line 2: Using //@ to indicate sourceMappingURL pragmas is deprecated. Use //# instead
JavaScript warning: https://static.pornhat.com/static/js/main.min.js, line 2: Using //@ to indicate sourceMappingURL pragmas is deprecated. Use //# instead
JavaScript warning: https://static.pornhat.com/static/js/main.min.js, line 2: Using //@ to indicate sourceMappingURL pragmas is deprecated. Use //# instead
JavaScript warning: https://static.pornhat.com/static/js/main.min.js, line 2: Using //@ to indicate sourceMappingURL pragmas is deprecated. Use //# instead
console.log: WebExtensions: reset-default-search: starting.
console.log: WebExtensions: reset-default-search: No addons in our list are installed.
1626920516198	geckodriver	INFO	Listening on 127.0.0.1:57060
1626920519632	mozrunner::runner	INFO	Running command: "C:\\Program Files\\Mozilla Firefox\\firefox.exe" "--marionette" "-headless" "-foreground" "-no-remote" "-profile" "C:\\Users\\Sharl\\AppData\\Local\\Temp\\rust_mozprofilelDao67"
*** You are running in headless mode.
1626920520015	Marionette	INFO	Marionette enabled
console.warn: SearchSettings: "get: No settings file exists, new profile?" (new NotFoundError("Could not open the file at C:\\Users\\Sharl\\AppData\\Local\\Temp\\rust_mozprofilelDao67\\search.json.mozlz4", (void 0)))
1626920520953	Marionette	INFO	Listening on port 57079
1626920521166	Marionette	WARN	TLS certificate errors will be ignored for this session
1626920563852	geckodriver	INFO	Listening on 127.0.0.1:64417
1626920567286	mozrunner::runner	INFO	Running command: "C:\\Program Files\\Mozilla Firefox\\firefox.exe" "--marionette" "-headless" "-foreground" "-no-remote" "-profile" "C:\\Users\\Sharl\\AppData\\Local\\Temp\\rust_mozprofiletPprw4"
*** You are running in headless mode.
1626920567552	Marionette	INFO	Marionette enabled
console.warn: SearchSettings: "get: No settings file exists, new profile?" (new NotFoundError("Could not open the file at C:\\Users\\Sharl\\AppData\\Local\\Temp\\rust_mozprofiletPprw4\\search.json.mozlz4", (void 0)))
1626920568440	Marionette	INFO	Listening on port 64433
1626920568832	Marionette	WARN	TLS certificate errors will be ignored for this session
1626920811961	geckodriver	INFO	Listening on 127.0.0.1:50968
1626920815377	mozrunner::runner	INFO	Running command: "C:\\Program Files\\Mozilla Firefox\\firefox.exe" "--marionette" "-headless" "-foreground" "-no-remote" "-profile" "C:\\Users\\Sharl\\AppData\\Local\\Temp\\rust_mozprofileWhJCfN"
*** You are running in headless mode.
1626920815643	Marionette	INFO	Marionette enabled
console.warn: SearchSettings: "get: No settings file exists, new profile?" (new NotFoundError("Could not open the file at C:\\Users\\Sharl\\AppData\\Local\\Temp\\rust_mozprofileWhJCfN\\search.json.mozlz4", (void 0)))
1626920816568	Marionette	INFO	Listening on port 50983
1626920816920	Marionette	WARN	TLS certificate errors will be ignored for this session
